2025-10-09T22:25:11.242Z [INFO] HTTP {"ip":"::1","method":"OPTIONS","path":"/api/users/me","status":204,"durationMs":11}
2025-10-09T22:25:11.246Z [WARN] HTTP closed {"ip":"::1","method":"OPTIONS","path":"/api/users/me","status":204,"durationMs":16}
2025-10-09T22:25:11.270Z [INFO] HTTP {"ip":"::1","method":"GET","path":"/api/users/me","status":401,"durationMs":18}
2025-10-09T22:25:11.272Z [WARN] HTTP closed {"ip":"::1","method":"GET","path":"/api/users/me","status":401,"durationMs":20}
2025-10-09T22:25:11.282Z [INFO] HTTP {"ip":"::1","method":"OPTIONS","path":"/api/admin/users","status":204,"durationMs":1}
2025-10-09T22:25:11.286Z [WARN] HTTP closed {"ip":"::1","method":"OPTIONS","path":"/api/admin/users","status":204,"durationMs":4}
2025-10-09T22:25:11.295Z [INFO] HTTP {"ip":"::1","method":"GET","path":"/api/admin/users","status":401,"durationMs":6}
2025-10-09T22:25:11.298Z [WARN] HTTP closed {"ip":"::1","method":"GET","path":"/api/admin/users","status":401,"durationMs":8}
2025-10-09T22:25:11.307Z [INFO] HTTP {"ip":"::1","method":"GET","path":"/api/users/me","status":401,"durationMs":5}
2025-10-09T22:25:11.312Z [WARN] HTTP closed {"ip":"::1","method":"GET","path":"/api/users/me","status":401,"durationMs":8}
2025-10-09T22:25:11.327Z [INFO] HTTP {"ip":"::1","method":"OPTIONS","path":"/api/admin/users","status":204,"durationMs":5}
2025-10-09T22:25:11.330Z [WARN] HTTP closed {"ip":"::1","method":"OPTIONS","path":"/api/admin/users","status":204,"durationMs":12}
2025-10-09T22:25:11.345Z [INFO] HTTP {"ip":"::1","method":"GET","path":"/api/admin/users","status":401,"durationMs":13}
2025-10-09T22:25:11.352Z [WARN] HTTP closed {"ip":"::1","method":"GET","path":"/api/admin/users","status":401,"durationMs":16}
2025-10-09T22:25:11.577Z [INFO] HTTP {"ip":"::1","method":"OPTIONS","path":"/api/users","status":204,"durationMs":1}
2025-10-09T22:25:11.579Z [WARN] HTTP closed {"ip":"::1","method":"OPTIONS","path":"/api/users","status":204,"durationMs":3}
2025-10-09T22:25:11.625Z [WARN] HTTP closed {"ip":"::1","method":"GET","path":"/api/users","status":404,"durationMs":26}
2025-10-09T22:25:11.610Z [INFO] HTTP {"ip":"::1","method":"GET","path":"/api/users","status":404,"durationMs":11}
2025-10-09T22:25:11.632Z [INFO] HTTP {"ip":"::1","method":"OPTIONS","path":"/api/users","status":204,"durationMs":2}
2025-10-09T22:25:11.637Z [WARN] HTTP closed {"ip":"::1","method":"OPTIONS","path":"/api/users","status":204,"durationMs":5}
2025-10-09T22:25:11.646Z [INFO] HTTP {"ip":"::1","method":"GET","path":"/api/users","status":404,"durationMs":4}
2025-10-09T22:25:11.648Z [WARN] HTTP closed {"ip":"::1","method":"GET","path":"/api/users","status":404,"durationMs":7}
2025-10-09T22:25:15.030Z [INFO] HTTP {"ip":"::1","method":"GET","path":"/api/users/me","status":401,"durationMs":5}
2025-10-09T22:25:15.031Z [WARN] HTTP closed {"ip":"::1","method":"GET","path":"/api/users/me","status":401,"durationMs":6}
2025-10-09T22:25:27.608Z [INFO] HTTP {"ip":"::1","method":"OPTIONS","path":"/api/users/me","status":204,"durationMs":1}
2025-10-09T22:25:27.610Z [WARN] HTTP closed {"ip":"::1","method":"OPTIONS","path":"/api/users/me","status":204,"durationMs":2}
2025-10-09T22:25:27.617Z [INFO] HTTP {"ip":"::1","method":"GET","path":"/api/users/me","status":401,"durationMs":4}
2025-10-09T22:25:27.619Z [WARN] HTTP closed {"ip":"::1","method":"GET","path":"/api/users/me","status":401,"durationMs":6}
2025-10-09T22:25:27.623Z [INFO] HTTP {"ip":"::1","method":"OPTIONS","path":"/api/admin/users","status":204,"durationMs":1}
2025-10-09T22:25:27.624Z [WARN] HTTP closed {"ip":"::1","method":"OPTIONS","path":"/api/admin/users","status":204,"durationMs":3}
2025-10-09T22:25:27.630Z [INFO] HTTP {"ip":"::1","method":"GET","path":"/api/admin/users","status":401,"durationMs":3}
2025-10-09T22:25:27.632Z [WARN] HTTP closed {"ip":"::1","method":"GET","path":"/api/admin/users","status":401,"durationMs":5}
2025-10-09T22:25:27.646Z [INFO] HTTP {"ip":"::1","method":"OPTIONS","path":"/api/users","status":204,"durationMs":1}
2025-10-09T22:25:27.648Z [WARN] HTTP closed {"ip":"::1","method":"OPTIONS","path":"/api/users","status":204,"durationMs":2}
2025-10-09T22:25:27.653Z [INFO] HTTP {"ip":"::1","method":"GET","path":"/api/users","status":404,"durationMs":2}
2025-10-09T22:25:27.655Z [WARN] HTTP closed {"ip":"::1","method":"GET","path":"/api/users","status":404,"durationMs":4}
2025-10-09T22:25:30.362Z [INFO] HTTP {"ip":"::1","method":"OPTIONS","path":"/api/users/me","status":204,"durationMs":2}
2025-10-09T22:25:30.363Z [WARN] HTTP closed {"ip":"::1","method":"OPTIONS","path":"/api/users/me","status":204,"durationMs":4}
2025-10-09T22:25:30.374Z [WARN] HTTP closed {"ip":"::1","method":"GET","path":"/api/users/me","status":401,"durationMs":7}
2025-10-09T22:25:30.372Z [INFO] HTTP {"ip":"::1","method":"GET","path":"/api/users/me","status":401,"durationMs":4}
2025-10-09T22:25:36.244Z [INFO] HTTP {"ip":"::1","method":"OPTIONS","path":"/api/users/me","status":204,"durationMs":2}
2025-10-09T22:25:36.246Z [WARN] HTTP closed {"ip":"::1","method":"OPTIONS","path":"/api/users/me","status":204,"durationMs":6}
2025-10-09T22:25:36.377Z [INFO] HTTP {"ip":"::1","method":"GET","path":"/api/users/me","status":401,"durationMs":4}
2025-10-09T22:25:36.379Z [WARN] HTTP closed {"ip":"::1","method":"GET","path":"/api/users/me","status":401,"durationMs":6}
2025-10-09T22:25:36.384Z [INFO] HTTP {"ip":"::1","method":"GET","path":"/api/users/me","status":401,"durationMs":4}
2025-10-09T22:25:36.387Z [WARN] HTTP closed {"ip":"::1","method":"GET","path":"/api/users/me","status":401,"durationMs":5}
2025-10-09T22:25:36.511Z [INFO] HTTP {"ip":"::1","method":"GET","path":"/api/fx/cad-vnd","status":304,"durationMs":262}
2025-10-09T22:25:36.513Z [WARN] HTTP closed {"ip":"::1","method":"GET","path":"/api/fx/cad-vnd","status":304,"durationMs":264}
2025-10-09T22:25:40.448Z [INFO] HTTP {"ip":"::1","method":"GET","path":"/api/users/me","status":401,"durationMs":6}
2025-10-09T22:25:40.451Z [WARN] HTTP closed {"ip":"::1","method":"GET","path":"/api/users/me","status":401,"durationMs":8}
2025-10-09T22:25:40.482Z [INFO] HTTP {"ip":"::1","method":"GET","path":"/api/users/me","status":401,"durationMs":4}
2025-10-09T22:25:40.490Z [WARN] HTTP closed {"ip":"::1","method":"GET","path":"/api/users/me","status":401,"durationMs":6}
2025-10-09T22:25:52.171Z [INFO] HTTP {"ip":"::1","method":"OPTIONS","path":"/api/auth/login","status":204,"durationMs":1}
2025-10-09T22:25:52.173Z [WARN] HTTP closed {"ip":"::1","method":"OPTIONS","path":"/api/auth/login","status":204,"durationMs":3}
2025-10-09T22:25:52.407Z [INFO] HTTP {"ip":"::1","method":"POST","path":"/api/auth/login","status":200,"durationMs":198}
2025-10-09T22:25:52.408Z [WARN] HTTP closed {"ip":"::1","method":"POST","path":"/api/auth/login","status":200,"durationMs":199}
2025-10-09T22:25:54.088Z [INFO] HTTP {"ip":"::1","method":"OPTIONS","path":"/api/users/me","status":204,"durationMs":1}
2025-10-09T22:25:54.091Z [WARN] HTTP closed {"ip":"::1","method":"OPTIONS","path":"/api/users/me","status":204,"durationMs":10}
2025-10-09T22:25:54.114Z [INFO] HTTP {"ip":"::1","method":"GET","path":"/api/users/me","status":304,"durationMs":21}
2025-10-09T22:25:54.116Z [WARN] HTTP closed {"ip":"::1","method":"GET","path":"/api/users/me","status":304,"durationMs":22}
2025-10-09T22:25:54.190Z [INFO] HTTP {"ip":"::1","method":"GET","path":"/api/users/me","status":304,"durationMs":13}
2025-10-09T22:25:54.192Z [WARN] HTTP closed {"ip":"::1","method":"GET","path":"/api/users/me","status":304,"durationMs":16}
2025-10-09T22:26:02.910Z [INFO] HTTP {"ip":"::1","method":"OPTIONS","path":"/api/users/me","status":204,"durationMs":4}
2025-10-09T22:26:02.913Z [WARN] HTTP closed {"ip":"::1","method":"OPTIONS","path":"/api/users/me","status":204,"durationMs":7}
2025-10-09T22:26:02.952Z [INFO] HTTP {"ip":"::1","method":"GET","path":"/api/users/me","status":304,"durationMs":11}
2025-10-09T22:26:02.954Z [WARN] HTTP closed {"ip":"::1","method":"GET","path":"/api/users/me","status":304,"durationMs":13}
2025-10-09T22:26:02.972Z [INFO] HTTP {"ip":"::1","method":"GET","path":"/api/users/me","status":304,"durationMs":15}
2025-10-09T22:26:02.974Z [WARN] HTTP closed {"ip":"::1","method":"GET","path":"/api/users/me","status":304,"durationMs":17}
2025-10-09T22:26:03.030Z [INFO] HTTP {"ip":"::1","method":"GET","path":"/api/fx/cad-vnd","status":304,"durationMs":114}
2025-10-09T22:26:03.032Z [WARN] HTTP closed {"ip":"::1","method":"GET","path":"/api/fx/cad-vnd","status":304,"durationMs":116}
2025-10-09T22:26:03.138Z [INFO] HTTP {"ip":"::1","method":"GET","path":"/api/users/me","status":304,"durationMs":9}
2025-10-09T22:26:03.140Z [WARN] HTTP closed {"ip":"::1","method":"GET","path":"/api/users/me","status":304,"durationMs":11}
2025-10-09T22:26:06.209Z [INFO] HTTP {"ip":"::1","method":"OPTIONS","path":"/api/otp/email/request","status":204,"durationMs":2}
2025-10-09T22:26:06.210Z [WARN] HTTP closed {"ip":"::1","method":"OPTIONS","path":"/api/otp/email/request","status":204,"durationMs":4}
2025-10-09T22:26:06.329Z [INFO] HTTP {"ip":"::1","method":"POST","path":"/api/otp/email/request","status":500,"durationMs":117}
2025-10-09T22:26:06.330Z [WARN] HTTP closed {"ip":"::1","method":"POST","path":"/api/otp/email/request","status":500,"durationMs":118}
2025-10-09T22:26:11.867Z [INFO] HTTP {"ip":"::1","method":"OPTIONS","path":"/api/users/me","status":204,"durationMs":1}
2025-10-09T22:26:11.868Z [WARN] HTTP closed {"ip":"::1","method":"OPTIONS","path":"/api/users/me","status":204,"durationMs":2}
2025-10-09T22:26:11.891Z [INFO] HTTP {"ip":"::1","method":"GET","path":"/api/users/me","status":304,"durationMs":9}
2025-10-09T22:26:11.893Z [WARN] HTTP closed {"ip":"::1","method":"GET","path":"/api/users/me","status":304,"durationMs":11}
2025-10-09T22:26:11.922Z [INFO] HTTP {"ip":"::1","method":"GET","path":"/api/users/me","status":304,"durationMs":10}
2025-10-09T22:26:11.924Z [WARN] HTTP closed {"ip":"::1","method":"GET","path":"/api/users/me","status":304,"durationMs":12}
2025-10-09T22:26:12.080Z [INFO] HTTP {"ip":"::1","method":"GET","path":"/api/users/me","status":304,"durationMs":10}
2025-10-09T22:26:12.082Z [WARN] HTTP closed {"ip":"::1","method":"GET","path":"/api/users/me","status":304,"durationMs":12}
2025-10-09T22:26:13.359Z [INFO] HTTP {"ip":"::1","method":"OPTIONS","path":"/api/otp/email/request","status":204,"durationMs":1}
2025-10-09T22:26:13.360Z [WARN] HTTP closed {"ip":"::1","method":"OPTIONS","path":"/api/otp/email/request","status":204,"durationMs":4}
2025-10-09T22:26:13.458Z [INFO] HTTP {"ip":"::1","method":"POST","path":"/api/otp/email/request","status":500,"durationMs":96}
2025-10-09T22:26:13.459Z [WARN] HTTP closed {"ip":"::1","method":"POST","path":"/api/otp/email/request","status":500,"durationMs":98}
2025-10-09T22:26:57.043Z [INFO] HTTP {"ip":"::1","method":"OPTIONS","path":"/api/auth/login","status":204,"durationMs":1}
2025-10-09T22:26:57.045Z [WARN] HTTP closed {"ip":"::1","method":"OPTIONS","path":"/api/auth/login","status":204,"durationMs":2}
2025-10-09T22:26:57.188Z [INFO] HTTP {"ip":"::1","method":"POST","path":"/api/auth/login","status":200,"durationMs":141}
2025-10-09T22:26:57.189Z [WARN] HTTP closed {"ip":"::1","method":"POST","path":"/api/auth/login","status":200,"durationMs":142}
2025-10-09T22:26:58.888Z [INFO] HTTP {"ip":"::1","method":"OPTIONS","path":"/api/users/me","status":204,"durationMs":1}
2025-10-09T22:26:58.889Z [WARN] HTTP closed {"ip":"::1","method":"OPTIONS","path":"/api/users/me","status":204,"durationMs":2}
2025-10-09T22:26:58.897Z [INFO] HTTP {"ip":"::1","method":"GET","path":"/api/users/me","status":304,"durationMs":6}
2025-10-09T22:26:58.899Z [WARN] HTTP closed {"ip":"::1","method":"GET","path":"/api/users/me","status":304,"durationMs":7}
2025-10-09T22:27:01.837Z [INFO] HTTP {"ip":"::1","method":"OPTIONS","path":"/api/admin/users","status":204,"durationMs":1}
2025-10-09T22:27:01.840Z [WARN] HTTP closed {"ip":"::1","method":"OPTIONS","path":"/api/admin/users","status":204,"durationMs":3}
2025-10-09T22:27:01.876Z [INFO] HTTP {"ip":"::1","method":"GET","path":"/api/admin/users","status":304,"durationMs":27}
2025-10-09T22:27:01.878Z [WARN] HTTP closed {"ip":"::1","method":"GET","path":"/api/admin/users","status":304,"durationMs":32}
2025-10-09T22:27:01.887Z [INFO] HTTP {"ip":"::1","method":"GET","path":"/api/users/me","status":304,"durationMs":22}
2025-10-09T22:27:01.888Z [WARN] HTTP closed {"ip":"::1","method":"GET","path":"/api/users/me","status":304,"durationMs":26}
2025-10-09T22:27:35.641Z [INFO] HTTP {"ip":"::1","method":"POST","path":"/api/auth/register","status":200,"durationMs":163}
2025-10-09T22:27:35.642Z [WARN] HTTP closed {"ip":"::1","method":"POST","path":"/api/auth/register","status":200,"durationMs":164}
2025-10-09T22:27:35.651Z [INFO] HTTP {"ip":"::1","method":"OPTIONS","path":"/api/otp/email/request","status":204,"durationMs":1}
2025-10-09T22:27:35.653Z [WARN] HTTP closed {"ip":"::1","method":"OPTIONS","path":"/api/otp/email/request","status":204,"durationMs":2}
2025-10-09T22:27:35.750Z [INFO] HTTP {"ip":"::1","method":"POST","path":"/api/otp/email/request","status":500,"durationMs":94}
2025-10-09T22:27:35.751Z [WARN] HTTP closed {"ip":"::1","method":"POST","path":"/api/otp/email/request","status":500,"durationMs":96}
2025-10-09T22:27:36.221Z [INFO] HTTP {"ip":"::1","method":"OPTIONS","path":"/api/users/me","status":204,"durationMs":1}
2025-10-09T22:27:36.223Z [WARN] HTTP closed {"ip":"::1","method":"OPTIONS","path":"/api/users/me","status":204,"durationMs":3}
2025-10-09T22:27:36.254Z [INFO] HTTP {"ip":"::1","method":"GET","path":"/api/users/me","status":401,"durationMs":1}
2025-10-09T22:27:36.257Z [WARN] HTTP closed {"ip":"::1","method":"GET","path":"/api/users/me","status":401,"durationMs":3}
2025-10-09T22:27:47.338Z [INFO] HTTP {"ip":"::1","method":"OPTIONS","path":"/api/otp/email/request","status":204,"durationMs":1}
2025-10-09T22:27:47.341Z [WARN] HTTP closed {"ip":"::1","method":"OPTIONS","path":"/api/otp/email/request","status":204,"durationMs":2}
2025-10-09T22:27:47.453Z [INFO] HTTP {"ip":"::1","method":"POST","path":"/api/otp/email/request","status":500,"durationMs":108}
2025-10-09T22:27:47.454Z [WARN] HTTP closed {"ip":"::1","method":"POST","path":"/api/otp/email/request","status":500,"durationMs":109}
2025-10-09T22:27:48.376Z [INFO] HTTP {"ip":"::1","method":"POST","path":"/api/otp/email/request","status":500,"durationMs":73}
2025-10-09T22:27:48.377Z [WARN] HTTP closed {"ip":"::1","method":"POST","path":"/api/otp/email/request","status":500,"durationMs":74}
2025-10-09T22:27:49.193Z [INFO] HTTP {"ip":"::1","method":"POST","path":"/api/otp/email/request","status":500,"durationMs":98}
2025-10-09T22:27:49.194Z [WARN] HTTP closed {"ip":"::1","method":"POST","path":"/api/otp/email/request","status":500,"durationMs":99}
2025-10-09T22:27:50.395Z [INFO] HTTP {"ip":"::1","method":"POST","path":"/api/otp/email/request","status":500,"durationMs":73}
2025-10-09T22:27:50.401Z [WARN] HTTP closed {"ip":"::1","method":"POST","path":"/api/otp/email/request","status":500,"durationMs":76}
2025-10-09T22:27:50.589Z [INFO] HTTP {"ip":"::1","method":"POST","path":"/api/otp/email/request","status":500,"durationMs":71}
2025-10-09T22:27:50.591Z [WARN] HTTP closed {"ip":"::1","method":"POST","path":"/api/otp/email/request","status":500,"durationMs":72}
2025-10-09T22:27:50.806Z [INFO] HTTP {"ip":"::1","method":"POST","path":"/api/otp/email/request","status":500,"durationMs":73}
2025-10-09T22:27:50.808Z [WARN] HTTP closed {"ip":"::1","method":"POST","path":"/api/otp/email/request","status":500,"durationMs":75}
2025-10-09T22:27:50.996Z [INFO] HTTP {"ip":"::1","method":"POST","path":"/api/otp/email/request","status":500,"durationMs":69}
2025-10-09T22:27:50.997Z [WARN] HTTP closed {"ip":"::1","method":"POST","path":"/api/otp/email/request","status":500,"durationMs":70}
2025-10-09T22:27:51.173Z [INFO] HTTP {"ip":"::1","method":"POST","path":"/api/otp/email/request","status":500,"durationMs":69}
2025-10-09T22:27:51.175Z [WARN] HTTP closed {"ip":"::1","method":"POST","path":"/api/otp/email/request","status":500,"durationMs":71}
2025-10-09T22:35:33.481Z [INFO] HTTP {"ip":"::1","method":"OPTIONS","path":"/api/users/me","status":204,"durationMs":16}
2025-10-09T22:35:33.485Z [WARN] HTTP closed {"ip":"::1","method":"OPTIONS","path":"/api/users/me","status":204,"durationMs":23}
2025-10-09T22:35:33.493Z [INFO] HTTP {"ip":"::1","method":"OPTIONS","path":"/api/users/me","status":204,"durationMs":1}
2025-10-09T22:35:33.495Z [WARN] HTTP closed {"ip":"::1","method":"OPTIONS","path":"/api/users/me","status":204,"durationMs":4}
2025-10-09T22:35:33.504Z [INFO] HTTP {"ip":"::1","method":"OPTIONS","path":"/api/admin/users","status":204,"durationMs":2}
2025-10-09T22:35:33.506Z [WARN] HTTP closed {"ip":"::1","method":"OPTIONS","path":"/api/admin/users","status":204,"durationMs":4}
2025-10-09T22:35:33.509Z [INFO] HTTP {"ip":"::1","method":"OPTIONS","path":"/api/admin/users","status":204,"durationMs":1}
2025-10-09T22:35:33.513Z [WARN] HTTP closed {"ip":"::1","method":"OPTIONS","path":"/api/admin/users","status":204,"durationMs":3}
2025-10-09T22:35:33.602Z [INFO] HTTP {"ip":"::1","method":"GET","path":"/api/users/me","status":304,"durationMs":86}
2025-10-09T22:35:33.605Z [WARN] HTTP closed {"ip":"::1","method":"GET","path":"/api/users/me","status":304,"durationMs":88}
2025-10-09T22:35:33.618Z [INFO] HTTP {"ip":"::1","method":"GET","path":"/api/admin/users","status":200,"durationMs":65}
2025-10-09T22:35:33.620Z [WARN] HTTP closed {"ip":"::1","method":"GET","path":"/api/admin/users","status":200,"durationMs":68}
2025-10-09T22:35:33.657Z [INFO] HTTP {"ip":"::1","method":"GET","path":"/api/users/me","status":304,"durationMs":32}
2025-10-09T22:35:33.659Z [WARN] HTTP closed {"ip":"::1","method":"GET","path":"/api/users/me","status":304,"durationMs":36}
2025-10-09T22:35:33.703Z [INFO] HTTP {"ip":"::1","method":"GET","path":"/api/admin/users","status":304,"durationMs":50}
2025-10-09T22:35:33.705Z [WARN] HTTP closed {"ip":"::1","method":"GET","path":"/api/admin/users","status":304,"durationMs":63}
2025-10-09T22:35:35.443Z [INFO] HTTP {"ip":"::1","method":"GET","path":"/api/users/me","status":304,"durationMs":11}
2025-10-09T22:35:35.446Z [WARN] HTTP closed {"ip":"::1","method":"GET","path":"/api/users/me","status":304,"durationMs":14}
2025-10-09T22:35:37.680Z [INFO] HTTP {"ip":"::1","method":"OPTIONS","path":"/api/users/me","status":204,"durationMs":1}
2025-10-09T22:35:37.682Z [WARN] HTTP closed {"ip":"::1","method":"OPTIONS","path":"/api/users/me","status":204,"durationMs":3}
2025-10-09T22:35:37.703Z [INFO] HTTP {"ip":"::1","method":"GET","path":"/api/users/me","status":304,"durationMs":13}
2025-10-09T22:35:37.711Z [WARN] HTTP closed {"ip":"::1","method":"GET","path":"/api/users/me","status":304,"durationMs":17}
2025-10-09T22:35:37.745Z [INFO] HTTP {"ip":"::1","method":"GET","path":"/api/users/me","status":304,"durationMs":21}
2025-10-09T22:35:37.760Z [WARN] HTTP closed {"ip":"::1","method":"GET","path":"/api/users/me","status":304,"durationMs":23}
2025-10-09T22:35:38.005Z [INFO] HTTP {"ip":"::1","method":"GET","path":"/api/users/me","status":304,"durationMs":9}
2025-10-09T22:35:38.006Z [WARN] HTTP closed {"ip":"::1","method":"GET","path":"/api/users/me","status":304,"durationMs":11}
2025-10-09T22:35:42.046Z [INFO] HTTP {"ip":"::1","method":"OPTIONS","path":"/api/otp/email/request","status":204,"durationMs":1}
2025-10-09T22:35:42.047Z [WARN] HTTP closed {"ip":"::1","method":"OPTIONS","path":"/api/otp/email/request","status":204,"durationMs":3}
2025-10-09T22:35:42.259Z [INFO] HTTP {"ip":"::1","method":"POST","path":"/api/otp/email/request","status":500,"durationMs":182}
2025-10-09T22:35:42.260Z [WARN] HTTP closed {"ip":"::1","method":"POST","path":"/api/otp/email/request","status":500,"durationMs":183}
2025-10-09T22:35:47.759Z [INFO] HTTP {"ip":"::1","method":"OPTIONS","path":"/api/users/me","status":204,"durationMs":1}
2025-10-09T22:35:47.763Z [WARN] HTTP closed {"ip":"::1","method":"OPTIONS","path":"/api/users/me","status":204,"durationMs":3}
2025-10-09T22:35:47.786Z [INFO] HTTP {"ip":"::1","method":"GET","path":"/api/users/me","status":304,"durationMs":15}
2025-10-09T22:35:47.790Z [WARN] HTTP closed {"ip":"::1","method":"GET","path":"/api/users/me","status":304,"durationMs":20}
2025-10-09T22:35:47.835Z [INFO] HTTP {"ip":"::1","method":"GET","path":"/api/users/me","status":304,"durationMs":21}
2025-10-09T22:35:47.840Z [WARN] HTTP closed {"ip":"::1","method":"GET","path":"/api/users/me","status":304,"durationMs":27}
2025-10-09T22:35:47.911Z [INFO] HTTP {"ip":"::1","method":"GET","path":"/api/users/me","status":304,"durationMs":14}
2025-10-09T22:35:47.920Z [WARN] HTTP closed {"ip":"::1","method":"GET","path":"/api/users/me","status":304,"durationMs":17}
2025-10-09T22:35:48.203Z [INFO] HTTP {"ip":"::1","method":"OPTIONS","path":"/api/users/me","status":204,"durationMs":1}
2025-10-09T22:35:48.204Z [WARN] HTTP closed {"ip":"::1","method":"OPTIONS","path":"/api/users/me","status":204,"durationMs":3}
2025-10-09T22:35:48.209Z [INFO] HTTP {"ip":"::1","method":"GET","path":"/api/users/me","status":401,"durationMs":2}
2025-10-09T22:35:48.211Z [WARN] HTTP closed {"ip":"::1","method":"GET","path":"/api/users/me","status":401,"durationMs":4}
2025-10-09T22:36:01.109Z [INFO] HTTP {"ip":"::1","method":"GET","path":"/api/fx/cad-vnd","status":200,"durationMs":275}
2025-10-09T22:36:01.110Z [WARN] HTTP closed {"ip":"::1","method":"GET","path":"/api/fx/cad-vnd","status":200,"durationMs":277}
2025-10-09T22:36:09.143Z [WARN] HTTP closed {"ip":"::1","method":"OPTIONS","path":"/api/users/me","status":204,"durationMs":3}
2025-10-09T22:36:09.140Z [INFO] HTTP {"ip":"::1","method":"OPTIONS","path":"/api/users/me","status":204,"durationMs":1}
2025-10-09T22:36:09.176Z [INFO] HTTP {"ip":"::1","method":"GET","path":"/api/users/me","status":304,"durationMs":12}
2025-10-09T22:36:09.182Z [WARN] HTTP closed {"ip":"::1","method":"GET","path":"/api/users/me","status":304,"durationMs":14}
2025-10-09T22:36:09.206Z [WARN] HTTP closed {"ip":"::1","method":"GET","path":"/api/users/me","status":304,"durationMs":17}
2025-10-09T22:36:09.204Z [INFO] HTTP {"ip":"::1","method":"GET","path":"/api/users/me","status":304,"durationMs":15}
2025-10-09T22:36:09.252Z [INFO] HTTP {"ip":"::1","method":"GET","path":"/api/fx/cad-vnd","status":304,"durationMs":103}
2025-10-09T22:36:09.260Z [WARN] HTTP closed {"ip":"::1","method":"GET","path":"/api/fx/cad-vnd","status":304,"durationMs":108}
2025-10-09T22:36:09.538Z [INFO] HTTP {"ip":"::1","method":"GET","path":"/api/users/me","status":304,"durationMs":10}
2025-10-09T22:36:09.540Z [WARN] HTTP closed {"ip":"::1","method":"GET","path":"/api/users/me","status":304,"durationMs":12}
2025-10-09T22:36:11.423Z [INFO] HTTP {"ip":"::1","method":"OPTIONS","path":"/api/otp/email/request","status":204,"durationMs":1}
2025-10-09T22:36:11.425Z [WARN] HTTP closed {"ip":"::1","method":"OPTIONS","path":"/api/otp/email/request","status":204,"durationMs":2}
2025-10-09T22:36:11.537Z [INFO] HTTP {"ip":"::1","method":"POST","path":"/api/otp/email/request","status":500,"durationMs":109}
2025-10-09T22:36:11.538Z [WARN] HTTP closed {"ip":"::1","method":"POST","path":"/api/otp/email/request","status":500,"durationMs":110}
2025-10-09T22:36:12.191Z [INFO] HTTP {"ip":"::1","method":"POST","path":"/api/otp/email/request","status":500,"durationMs":76}
2025-10-09T22:36:12.192Z [WARN] HTTP closed {"ip":"::1","method":"POST","path":"/api/otp/email/request","status":500,"durationMs":77}
2025-10-09T22:36:24.649Z [INFO] HTTP {"ip":"::1","method":"OPTIONS","path":"/api/auth/login","status":204,"durationMs":1}
2025-10-09T22:36:24.651Z [WARN] HTTP closed {"ip":"::1","method":"OPTIONS","path":"/api/auth/login","status":204,"durationMs":2}
2025-10-09T22:36:24.826Z [INFO] HTTP {"ip":"::1","method":"POST","path":"/api/auth/login","status":200,"durationMs":172}
2025-10-09T22:36:24.827Z [WARN] HTTP closed {"ip":"::1","method":"POST","path":"/api/auth/login","status":200,"durationMs":173}
2025-10-09T22:36:24.915Z [INFO] HTTP {"ip":"::1","method":"OPTIONS","path":"/api/users/me","status":204,"durationMs":2}
2025-10-09T22:36:24.917Z [WARN] HTTP closed {"ip":"::1","method":"OPTIONS","path":"/api/users/me","status":204,"durationMs":3}
2025-10-09T22:36:24.929Z [INFO] HTTP {"ip":"::1","method":"OPTIONS","path":"/api/users/me","status":204,"durationMs":1}
2025-10-09T22:36:24.932Z [WARN] HTTP closed {"ip":"::1","method":"OPTIONS","path":"/api/users/me","status":204,"durationMs":3}
2025-10-09T22:36:24.991Z [WARN] HTTP closed {"ip":"::1","method":"GET","path":"/api/users/me","status":200,"durationMs":12}
2025-10-09T22:36:24.989Z [INFO] HTTP {"ip":"::1","method":"GET","path":"/api/users/me","status":200,"durationMs":10}
2025-10-09T22:36:25.002Z [INFO] HTTP {"ip":"::1","method":"GET","path":"/api/users/me","status":304,"durationMs":8}
2025-10-09T22:36:25.007Z [WARN] HTTP closed {"ip":"::1","method":"GET","path":"/api/users/me","status":304,"durationMs":10}
2025-10-09T22:36:25.039Z [WARN] HTTP closed {"ip":"::1","method":"GET","path":"/api/fx/cad-vnd","status":304,"durationMs":102}
2025-10-09T22:36:25.037Z [INFO] HTTP {"ip":"::1","method":"GET","path":"/api/fx/cad-vnd","status":304,"durationMs":99}
2025-10-09T22:36:25.329Z [INFO] HTTP {"ip":"::1","method":"GET","path":"/api/users/me","status":304,"durationMs":8}
2025-10-09T22:36:25.331Z [WARN] HTTP closed {"ip":"::1","method":"GET","path":"/api/users/me","status":304,"durationMs":9}
2025-10-09T22:36:27.092Z [INFO] HTTP {"ip":"::1","method":"OPTIONS","path":"/api/otp/email/request","status":204,"durationMs":2}
2025-10-09T22:36:27.094Z [WARN] HTTP closed {"ip":"::1","method":"OPTIONS","path":"/api/otp/email/request","status":204,"durationMs":4}
2025-10-09T22:36:27.202Z [INFO] HTTP {"ip":"::1","method":"POST","path":"/api/otp/email/request","status":500,"durationMs":106}
2025-10-09T22:36:27.205Z [WARN] HTTP closed {"ip":"::1","method":"POST","path":"/api/otp/email/request","status":500,"durationMs":107}
2025-10-09T22:36:27.815Z [INFO] HTTP {"ip":"::1","method":"POST","path":"/api/otp/email/request","status":500,"durationMs":75}
2025-10-09T22:36:27.816Z [WARN] HTTP closed {"ip":"::1","method":"POST","path":"/api/otp/email/request","status":500,"durationMs":77}
2025-10-09T22:36:27.994Z [INFO] HTTP {"ip":"::1","method":"POST","path":"/api/otp/email/request","status":500,"durationMs":71}
2025-10-09T22:36:27.997Z [WARN] HTTP closed {"ip":"::1","method":"POST","path":"/api/otp/email/request","status":500,"durationMs":73}
2025-10-09T22:36:28.170Z [INFO] HTTP {"ip":"::1","method":"POST","path":"/api/otp/email/request","status":500,"durationMs":73}
2025-10-09T22:36:28.171Z [WARN] HTTP closed {"ip":"::1","method":"POST","path":"/api/otp/email/request","status":500,"durationMs":74}
2025-10-09T22:36:28.346Z [INFO] HTTP {"ip":"::1","method":"POST","path":"/api/otp/email/request","status":500,"durationMs":69}
2025-10-09T22:36:28.348Z [WARN] HTTP closed {"ip":"::1","method":"POST","path":"/api/otp/email/request","status":500,"durationMs":71}
2025-10-09T22:36:28.483Z [INFO] HTTP {"ip":"::1","method":"POST","path":"/api/otp/email/request","status":500,"durationMs":75}
2025-10-09T22:36:28.485Z [WARN] HTTP closed {"ip":"::1","method":"POST","path":"/api/otp/email/request","status":500,"durationMs":76}
2025-10-09T22:40:32.615Z [INFO] HTTP {"ip":"::1","method":"OPTIONS","path":"/api/users/me","status":204,"durationMs":15}
2025-10-09T22:40:32.743Z [WARN] HTTP closed {"ip":"::1","method":"OPTIONS","path":"/api/users/me","status":204,"durationMs":168}
2025-10-09T22:40:32.802Z [INFO] HTTP {"ip":"::1","method":"GET","path":"/api/users/me","status":304,"durationMs":55}
2025-10-09T22:40:32.805Z [WARN] HTTP closed {"ip":"::1","method":"GET","path":"/api/users/me","status":304,"durationMs":57}
2025-10-09T22:40:39.914Z [INFO] HTTP {"ip":"::1","method":"OPTIONS","path":"/api/users/me","status":204,"durationMs":1}
2025-10-09T22:40:39.917Z [WARN] HTTP closed {"ip":"::1","method":"OPTIONS","path":"/api/users/me","status":204,"durationMs":4}
2025-10-09T22:40:39.933Z [INFO] HTTP {"ip":"::1","method":"GET","path":"/api/users/me","status":304,"durationMs":13}
2025-10-09T22:40:39.938Z [WARN] HTTP closed {"ip":"::1","method":"GET","path":"/api/users/me","status":304,"durationMs":16}
2025-10-09T22:40:44.919Z [INFO] HTTP {"ip":"::1","method":"OPTIONS","path":"/api/users/me","status":204,"durationMs":1}
2025-10-09T22:40:44.921Z [WARN] HTTP closed {"ip":"::1","method":"OPTIONS","path":"/api/users/me","status":204,"durationMs":4}
2025-10-09T22:40:45.095Z [INFO] HTTP {"ip":"::1","method":"GET","path":"/api/users/me","status":304,"durationMs":15}
2025-10-09T22:40:45.097Z [WARN] HTTP closed {"ip":"::1","method":"GET","path":"/api/users/me","status":304,"durationMs":17}
2025-10-09T22:40:45.212Z [INFO] HTTP {"ip":"::1","method":"GET","path":"/api/fx/cad-vnd","status":304,"durationMs":281}
2025-10-09T22:40:45.220Z [WARN] HTTP closed {"ip":"::1","method":"GET","path":"/api/fx/cad-vnd","status":304,"durationMs":288}
2025-10-09T22:40:45.447Z [INFO] HTTP {"ip":"::1","method":"GET","path":"/api/users/me","status":304,"durationMs":11}
2025-10-09T22:40:45.450Z [WARN] HTTP closed {"ip":"::1","method":"GET","path":"/api/users/me","status":304,"durationMs":13}
2025-10-09T22:40:53.885Z [INFO] HTTP {"ip":"::1","method":"OPTIONS","path":"/api/users/me","status":204,"durationMs":4}
2025-10-09T22:40:53.890Z [WARN] HTTP closed {"ip":"::1","method":"OPTIONS","path":"/api/users/me","status":204,"durationMs":7}
2025-10-09T22:40:53.916Z [INFO] HTTP {"ip":"::1","method":"GET","path":"/api/users/me","status":304,"durationMs":18}
2025-10-09T22:40:53.921Z [WARN] HTTP closed {"ip":"::1","method":"GET","path":"/api/users/me","status":304,"durationMs":20}
2025-10-09T22:40:54.194Z [INFO] HTTP {"ip":"::1","method":"GET","path":"/api/users/me","status":304,"durationMs":11}
2025-10-09T22:40:54.196Z [WARN] HTTP closed {"ip":"::1","method":"GET","path":"/api/users/me","status":304,"durationMs":15}
2025-10-09T22:40:55.462Z [INFO] HTTP {"ip":"::1","method":"OPTIONS","path":"/api/users/me","status":204,"durationMs":1}
2025-10-09T22:40:55.464Z [WARN] HTTP closed {"ip":"::1","method":"OPTIONS","path":"/api/users/me","status":204,"durationMs":3}
2025-10-09T22:40:55.476Z [INFO] HTTP {"ip":"::1","method":"GET","path":"/api/users/me","status":401,"durationMs":7}
2025-10-09T22:40:55.477Z [WARN] HTTP closed {"ip":"::1","method":"GET","path":"/api/users/me","status":401,"durationMs":8}
2025-10-09T22:41:04.353Z [INFO] HTTP {"ip":"::1","method":"OPTIONS","path":"/api/auth/login","status":204,"durationMs":9}
2025-10-09T22:41:04.354Z [WARN] HTTP closed {"ip":"::1","method":"OPTIONS","path":"/api/auth/login","status":204,"durationMs":10}
2025-10-09T22:41:04.550Z [INFO] HTTP {"ip":"::1","method":"POST","path":"/api/auth/login","status":200,"durationMs":172}
2025-10-09T22:41:04.551Z [WARN] HTTP closed {"ip":"::1","method":"POST","path":"/api/auth/login","status":200,"durationMs":173}
2025-10-09T22:41:06.265Z [INFO] HTTP {"ip":"::1","method":"OPTIONS","path":"/api/users/me","status":204,"durationMs":1}
2025-10-09T22:41:06.267Z [WARN] HTTP closed {"ip":"::1","method":"OPTIONS","path":"/api/users/me","status":204,"durationMs":39}
2025-10-09T22:41:06.294Z [INFO] HTTP {"ip":"::1","method":"GET","path":"/api/users/me","status":304,"durationMs":18}
2025-10-09T22:41:06.296Z [WARN] HTTP closed {"ip":"::1","method":"GET","path":"/api/users/me","status":304,"durationMs":26}
2025-10-09T22:41:06.483Z [INFO] HTTP {"ip":"::1","method":"GET","path":"/api/users/me","status":304,"durationMs":12}
2025-10-09T22:41:06.485Z [WARN] HTTP closed {"ip":"::1","method":"GET","path":"/api/users/me","status":304,"durationMs":14}
2025-10-09T22:41:08.516Z [WARN] HTTP closed {"ip":"::1","method":"OPTIONS","path":"/api/otp/email/request","status":204,"durationMs":4}
2025-10-09T22:41:08.513Z [INFO] HTTP {"ip":"::1","method":"OPTIONS","path":"/api/otp/email/request","status":204,"durationMs":1}
2025-10-09T22:41:09.772Z [INFO] HTTP {"ip":"::1","method":"POST","path":"/api/otp/email/request","status":200,"durationMs":1251}
2025-10-09T22:41:09.775Z [WARN] HTTP closed {"ip":"::1","method":"POST","path":"/api/otp/email/request","status":200,"durationMs":1253}
2025-10-09T22:41:27.835Z [INFO] HTTP {"ip":"::1","method":"OPTIONS","path":"/api/otp/email/verify","status":204,"durationMs":1}
2025-10-09T22:41:27.836Z [WARN] HTTP closed {"ip":"::1","method":"OPTIONS","path":"/api/otp/email/verify","status":204,"durationMs":2}
2025-10-09T22:41:27.873Z [INFO] HTTP {"ip":"::1","method":"POST","path":"/api/otp/email/verify","status":200,"durationMs":35}
2025-10-09T22:41:27.875Z [WARN] HTTP closed {"ip":"::1","method":"POST","path":"/api/otp/email/verify","status":200,"durationMs":36}
2025-10-09T22:41:27.900Z [INFO] HTTP {"ip":"::1","method":"OPTIONS","path":"/api/users/me","status":204,"durationMs":1}
2025-10-09T22:41:27.903Z [WARN] HTTP closed {"ip":"::1","method":"OPTIONS","path":"/api/users/me","status":204,"durationMs":3}
2025-10-09T22:41:27.917Z [INFO] HTTP {"ip":"::1","method":"GET","path":"/api/users/me","status":200,"durationMs":8}
2025-10-09T22:41:27.920Z [WARN] HTTP closed {"ip":"::1","method":"GET","path":"/api/users/me","status":200,"durationMs":10}
2025-10-09T22:48:25.048Z [INFO] HTTP {"ip":"::1","method":"OPTIONS","path":"/api/auth/login","status":204,"durationMs":1}
2025-10-09T22:48:25.050Z [WARN] HTTP closed {"ip":"::1","method":"OPTIONS","path":"/api/auth/login","status":204,"durationMs":3}
2025-10-09T22:48:25.194Z [WARN] HTTP closed {"ip":"::1","method":"POST","path":"/api/auth/login","status":200,"durationMs":142}
2025-10-09T22:48:25.193Z [INFO] HTTP {"ip":"::1","method":"POST","path":"/api/auth/login","status":200,"durationMs":141}
2025-10-09T22:48:26.872Z [INFO] HTTP {"ip":"::1","method":"OPTIONS","path":"/api/users/me","status":204,"durationMs":1}
2025-10-09T22:48:26.874Z [WARN] HTTP closed {"ip":"::1","method":"OPTIONS","path":"/api/users/me","status":204,"durationMs":3}
2025-10-09T22:48:26.890Z [INFO] HTTP {"ip":"::1","method":"GET","path":"/api/users/me","status":304,"durationMs":6}
2025-10-09T22:48:26.892Z [WARN] HTTP closed {"ip":"::1","method":"GET","path":"/api/users/me","status":304,"durationMs":7}
2025-10-09T22:49:57.203Z [INFO] HTTP {"ip":"::1","method":"OPTIONS","path":"/api/users/me","status":204,"durationMs":1}
2025-10-09T22:49:57.204Z [WARN] HTTP closed {"ip":"::1","method":"OPTIONS","path":"/api/users/me","status":204,"durationMs":2}
2025-10-09T22:49:57.214Z [INFO] HTTP {"ip":"::1","method":"GET","path":"/api/users/me","status":304,"durationMs":7}
2025-10-09T22:49:57.216Z [WARN] HTTP closed {"ip":"::1","method":"GET","path":"/api/users/me","status":304,"durationMs":9}
2025-10-09T22:51:47.555Z [INFO] HTTP {"ip":"::1","method":"OPTIONS","path":"/api/users/me","status":204,"durationMs":1}
2025-10-09T22:51:47.556Z [WARN] HTTP closed {"ip":"::1","method":"OPTIONS","path":"/api/users/me","status":204,"durationMs":2}
2025-10-09T22:51:47.564Z [INFO] HTTP {"ip":"::1","method":"GET","path":"/api/users/me","status":304,"durationMs":6}
2025-10-09T22:51:47.566Z [WARN] HTTP closed {"ip":"::1","method":"GET","path":"/api/users/me","status":304,"durationMs":7}
2025-10-09T22:54:10.419Z [INFO] HTTP {"ip":"::1","method":"OPTIONS","path":"/api/users/me","status":204,"durationMs":1}
2025-10-09T22:54:10.420Z [WARN] HTTP closed {"ip":"::1","method":"OPTIONS","path":"/api/users/me","status":204,"durationMs":2}
2025-10-09T22:54:10.431Z [INFO] HTTP {"ip":"::1","method":"GET","path":"/api/users/me","status":304,"durationMs":8}
2025-10-09T22:54:10.436Z [WARN] HTTP closed {"ip":"::1","method":"GET","path":"/api/users/me","status":304,"durationMs":9}
2025-10-09T22:55:14.438Z [INFO] HTTP {"ip":"::1","method":"OPTIONS","path":"/api/users/me","status":204,"durationMs":1}
2025-10-09T22:55:14.440Z [WARN] HTTP closed {"ip":"::1","method":"OPTIONS","path":"/api/users/me","status":204,"durationMs":3}
2025-10-09T22:55:14.450Z [INFO] HTTP {"ip":"::1","method":"GET","path":"/api/users/me","status":304,"durationMs":8}
2025-10-09T22:55:14.455Z [WARN] HTTP closed {"ip":"::1","method":"GET","path":"/api/users/me","status":304,"durationMs":10}
2025-10-09T22:55:17.957Z [WARN] HTTP closed {"ip":"::1","method":"OPTIONS","path":"/api/auth/login","status":204,"durationMs":3}
2025-10-09T22:55:17.955Z [INFO] HTTP {"ip":"::1","method":"OPTIONS","path":"/api/auth/login","status":204,"durationMs":1}
2025-10-09T22:55:18.108Z [INFO] HTTP {"ip":"::1","method":"POST","path":"/api/auth/login","status":200,"durationMs":148}
2025-10-09T22:55:18.109Z [WARN] HTTP closed {"ip":"::1","method":"POST","path":"/api/auth/login","status":200,"durationMs":149}
2025-10-09T22:55:19.995Z [INFO] HTTP {"ip":"::1","method":"OPTIONS","path":"/api/users/me","status":204,"durationMs":1}
2025-10-09T22:55:19.996Z [WARN] HTTP closed {"ip":"::1","method":"OPTIONS","path":"/api/users/me","status":204,"durationMs":2}
2025-10-09T22:55:20.006Z [INFO] HTTP {"ip":"::1","method":"GET","path":"/api/users/me","status":304,"durationMs":7}
2025-10-09T22:55:20.009Z [WARN] HTTP closed {"ip":"::1","method":"GET","path":"/api/users/me","status":304,"durationMs":9}
2025-10-09T23:01:04.595Z [INFO] HTTP {"ip":"::1","method":"OPTIONS","path":"/api/users/me","status":204,"durationMs":2}
2025-10-09T23:01:04.597Z [WARN] HTTP closed {"ip":"::1","method":"OPTIONS","path":"/api/users/me","status":204,"durationMs":4}
2025-10-09T23:01:04.729Z [INFO] HTTP {"ip":"::1","method":"GET","path":"/api/users/me","status":401,"durationMs":4}
2025-10-09T23:01:04.731Z [WARN] HTTP closed {"ip":"::1","method":"GET","path":"/api/users/me","status":401,"durationMs":5}
2025-10-10T01:07:53.730Z [INFO] HTTP {"ip":"::1","method":"OPTIONS","path":"/api/users/me","status":204,"durationMs":1}
2025-10-10T01:07:53.733Z [WARN] HTTP closed {"ip":"::1","method":"OPTIONS","path":"/api/users/me","status":204,"durationMs":8}
2025-10-10T01:07:53.770Z [INFO] HTTP {"ip":"::1","method":"GET","path":"/api/users/me","status":401,"durationMs":5}
2025-10-10T01:07:53.773Z [WARN] HTTP closed {"ip":"::1","method":"GET","path":"/api/users/me","status":401,"durationMs":17}
2025-10-10T01:09:17.841Z [INFO] HTTP {"ip":"::1","method":"OPTIONS","path":"/api/users/me","status":204,"durationMs":1}
2025-10-10T01:09:17.843Z [WARN] HTTP closed {"ip":"::1","method":"OPTIONS","path":"/api/users/me","status":204,"durationMs":3}
2025-10-10T01:09:17.858Z [INFO] HTTP {"ip":"::1","method":"GET","path":"/api/users/me","status":401,"durationMs":5}
2025-10-10T01:09:17.859Z [WARN] HTTP closed {"ip":"::1","method":"GET","path":"/api/users/me","status":401,"durationMs":9}
2025-10-10T01:11:27.568Z [INFO] HTTP {"ip":"::1","method":"OPTIONS","path":"/api/users/me","status":204,"durationMs":1}
2025-10-10T01:11:27.570Z [WARN] HTTP closed {"ip":"::1","method":"OPTIONS","path":"/api/users/me","status":204,"durationMs":3}
2025-10-10T01:11:27.576Z [INFO] HTTP {"ip":"::1","method":"GET","path":"/api/users/me","status":401,"durationMs":3}
2025-10-10T01:11:27.578Z [WARN] HTTP closed {"ip":"::1","method":"GET","path":"/api/users/me","status":401,"durationMs":5}
2025-10-10T01:18:14.274Z [INFO] HTTP {"ip":"::1","method":"OPTIONS","path":"/api/users/me","status":204,"durationMs":1}
2025-10-10T01:18:14.277Z [WARN] HTTP closed {"ip":"::1","method":"OPTIONS","path":"/api/users/me","status":204,"durationMs":3}
2025-10-10T01:18:14.293Z [INFO] HTTP {"ip":"::1","method":"GET","path":"/api/users/me","status":401,"durationMs":11}
2025-10-10T01:18:14.295Z [WARN] HTTP closed {"ip":"::1","method":"GET","path":"/api/users/me","status":401,"durationMs":14}
2025-10-10T01:18:25.313Z [INFO] HTTP {"ip":"::1","method":"OPTIONS","path":"/api/users/me","status":204,"durationMs":1}
2025-10-10T01:18:25.314Z [WARN] HTTP closed {"ip":"::1","method":"OPTIONS","path":"/api/users/me","status":204,"durationMs":2}
2025-10-10T01:18:25.345Z [INFO] HTTP {"ip":"::1","method":"GET","path":"/api/users/me","status":401,"durationMs":5}
2025-10-10T01:18:25.347Z [WARN] HTTP closed {"ip":"::1","method":"GET","path":"/api/users/me","status":401,"durationMs":7}
2025-10-10T01:19:18.169Z [INFO] HTTP {"ip":"::1","method":"OPTIONS","path":"/api/auth/login","status":204,"durationMs":7}
2025-10-10T01:19:18.172Z [WARN] HTTP closed {"ip":"::1","method":"OPTIONS","path":"/api/auth/login","status":204,"durationMs":11}
2025-10-10T01:19:18.398Z [INFO] HTTP {"ip":"::1","method":"POST","path":"/api/auth/login","status":200,"durationMs":191}
2025-10-10T01:19:18.400Z [WARN] HTTP closed {"ip":"::1","method":"POST","path":"/api/auth/login","status":200,"durationMs":193}
2025-10-10T01:19:18.435Z [INFO] HTTP {"ip":"::1","method":"OPTIONS","path":"/api/users/me","status":204,"durationMs":1}
2025-10-10T01:19:18.437Z [WARN] HTTP closed {"ip":"::1","method":"OPTIONS","path":"/api/users/me","status":204,"durationMs":4}
2025-10-10T01:19:18.443Z [WARN] HTTP closed {"ip":"::1","method":"OPTIONS","path":"/api/users/me","status":204,"durationMs":3}
2025-10-10T01:19:18.440Z [INFO] HTTP {"ip":"::1","method":"OPTIONS","path":"/api/users/me","status":204,"durationMs":1}
2025-10-10T01:19:18.459Z [INFO] HTTP {"ip":"::1","method":"GET","path":"/api/users/me","status":304,"durationMs":13}
2025-10-10T01:19:18.461Z [WARN] HTTP closed {"ip":"::1","method":"GET","path":"/api/users/me","status":304,"durationMs":15}
2025-10-10T01:19:18.472Z [INFO] HTTP {"ip":"::1","method":"GET","path":"/api/users/me","status":304,"durationMs":8}
2025-10-10T01:19:18.474Z [WARN] HTTP closed {"ip":"::1","method":"GET","path":"/api/users/me","status":304,"durationMs":9}
2025-10-10T01:19:26.706Z [WARN] HTTP closed {"ip":"::1","method":"OPTIONS","path":"/api/users/me","status":204,"durationMs":6}
2025-10-10T01:19:26.723Z [WARN] HTTP closed {"ip":"::1","method":"OPTIONS","path":"/api/admin/users","status":204,"durationMs":13}
2025-10-10T01:19:26.721Z [INFO] HTTP {"ip":"::1","method":"OPTIONS","path":"/api/admin/users","status":204,"durationMs":4}
2025-10-10T01:19:26.704Z [INFO] HTTP {"ip":"::1","method":"OPTIONS","path":"/api/users/me","status":204,"durationMs":1}
2025-10-10T01:19:26.754Z [WARN] HTTP closed {"ip":"::1","method":"GET","path":"/api/users/me","status":304,"durationMs":26}
2025-10-10T01:19:26.763Z [WARN] HTTP closed {"ip":"::1","method":"GET","path":"/api/admin/users","status":200,"durationMs":26}
2025-10-10T01:19:26.761Z [INFO] HTTP {"ip":"::1","method":"GET","path":"/api/admin/users","status":200,"durationMs":24}
2025-10-10T01:19:26.751Z [INFO] HTTP {"ip":"::1","method":"GET","path":"/api/users/me","status":304,"durationMs":23}
2025-10-10T01:19:26.990Z [INFO] HTTP {"ip":"::1","method":"GET","path":"/api/users/me","status":304,"durationMs":9}
2025-10-10T01:19:26.992Z [WARN] HTTP closed {"ip":"::1","method":"GET","path":"/api/users/me","status":304,"durationMs":11}
2025-10-10T01:19:26.997Z [INFO] HTTP {"ip":"::1","method":"GET","path":"/api/admin/users","status":304,"durationMs":12}
2025-10-10T01:19:26.999Z [WARN] HTTP closed {"ip":"::1","method":"GET","path":"/api/admin/users","status":304,"durationMs":13}
2025-10-10T01:19:36.280Z [WARN] HTTP closed {"ip":"::1","method":"OPTIONS","path":"/api/users/me","status":204,"durationMs":3}
2025-10-10T01:19:36.278Z [INFO] HTTP {"ip":"::1","method":"OPTIONS","path":"/api/users/me","status":204,"durationMs":2}
2025-10-10T01:19:36.300Z [INFO] HTTP {"ip":"::1","method":"GET","path":"/api/users/me","status":401,"durationMs":6}
2025-10-10T01:19:36.303Z [WARN] HTTP closed {"ip":"::1","method":"GET","path":"/api/users/me","status":401,"durationMs":8}
2025-10-10T01:19:43.223Z [INFO] HTTP {"ip":"::1","method":"OPTIONS","path":"/api/users/me","status":204,"durationMs":1}
2025-10-10T01:19:43.225Z [WARN] HTTP closed {"ip":"::1","method":"OPTIONS","path":"/api/users/me","status":204,"durationMs":4}
2025-10-10T01:19:43.248Z [INFO] HTTP {"ip":"::1","method":"GET","path":"/api/users/me","status":401,"durationMs":6}
2025-10-10T01:19:43.250Z [WARN] HTTP closed {"ip":"::1","method":"GET","path":"/api/users/me","status":401,"durationMs":8}
2025-10-10T01:19:46.782Z [INFO] HTTP {"ip":"::1","method":"GET","path":"/api/users/me","status":401,"durationMs":5}
2025-10-10T01:19:46.783Z [WARN] HTTP closed {"ip":"::1","method":"GET","path":"/api/users/me","status":401,"durationMs":6}
2025-10-10T01:19:47.057Z [INFO] HTTP {"ip":"::1","method":"GET","path":"/api/fx/cad-vnd","status":200,"durationMs":268}
2025-10-10T01:19:47.059Z [WARN] HTTP closed {"ip":"::1","method":"GET","path":"/api/fx/cad-vnd","status":200,"durationMs":269}
2025-10-10T01:20:18.364Z [INFO] HTTP {"ip":"::1","method":"OPTIONS","path":"/api/auth/login","status":204,"durationMs":1}
2025-10-10T01:20:18.365Z [WARN] HTTP closed {"ip":"::1","method":"OPTIONS","path":"/api/auth/login","status":204,"durationMs":2}
2025-10-10T01:20:18.509Z [INFO] HTTP {"ip":"::1","method":"POST","path":"/api/auth/login","status":200,"durationMs":140}
2025-10-10T01:20:18.511Z [WARN] HTTP closed {"ip":"::1","method":"POST","path":"/api/auth/login","status":200,"durationMs":141}
2025-10-10T01:20:20.576Z [WARN] HTTP closed {"ip":"::1","method":"OPTIONS","path":"/api/users/me","status":204,"durationMs":3}
2025-10-10T01:20:20.574Z [INFO] HTTP {"ip":"::1","method":"OPTIONS","path":"/api/users/me","status":204,"durationMs":1}
2025-10-10T01:20:20.593Z [INFO] HTTP {"ip":"::1","method":"GET","path":"/api/users/me","status":304,"durationMs":8}
2025-10-10T01:20:20.597Z [WARN] HTTP closed {"ip":"::1","method":"GET","path":"/api/users/me","status":304,"durationMs":9}
2025-10-10T01:21:11.266Z [INFO] HTTP {"ip":"::1","method":"OPTIONS","path":"/api/auth/login","status":204,"durationMs":1}
2025-10-10T01:21:11.267Z [WARN] HTTP closed {"ip":"::1","method":"OPTIONS","path":"/api/auth/login","status":204,"durationMs":2}
2025-10-10T01:21:11.415Z [INFO] HTTP {"ip":"::1","method":"POST","path":"/api/auth/login","status":200,"durationMs":144}
2025-10-10T01:21:11.417Z [WARN] HTTP closed {"ip":"::1","method":"POST","path":"/api/auth/login","status":200,"durationMs":145}
2025-10-10T01:21:13.244Z [INFO] HTTP {"ip":"::1","method":"OPTIONS","path":"/api/users/me","status":204,"durationMs":1}
2025-10-10T01:21:13.246Z [WARN] HTTP closed {"ip":"::1","method":"OPTIONS","path":"/api/users/me","status":204,"durationMs":10}
2025-10-10T01:21:13.263Z [INFO] HTTP {"ip":"::1","method":"GET","path":"/api/users/me","status":200,"durationMs":12}
2025-10-10T01:21:13.266Z [WARN] HTTP closed {"ip":"::1","method":"GET","path":"/api/users/me","status":200,"durationMs":16}
2025-10-10T01:23:44.592Z [INFO] HTTP {"ip":"::1","method":"OPTIONS","path":"/api/users/me","status":204,"durationMs":2}
2025-10-10T01:23:44.597Z [WARN] HTTP closed {"ip":"::1","method":"OPTIONS","path":"/api/users/me","status":204,"durationMs":6}
2025-10-10T01:23:44.634Z [INFO] HTTP {"ip":"::1","method":"GET","path":"/api/users/me","status":304,"durationMs":24}
2025-10-10T01:23:44.641Z [WARN] HTTP closed {"ip":"::1","method":"GET","path":"/api/users/me","status":304,"durationMs":28}
2025-10-10T01:24:00.538Z [INFO] HTTP {"ip":"::1","method":"OPTIONS","path":"/api/auth/login","status":204,"durationMs":1}
2025-10-10T01:24:00.540Z [WARN] HTTP closed {"ip":"::1","method":"OPTIONS","path":"/api/auth/login","status":204,"durationMs":4}
2025-10-10T01:24:00.712Z [INFO] HTTP {"ip":"::1","method":"POST","path":"/api/auth/login","status":200,"durationMs":167}
2025-10-10T01:24:00.713Z [WARN] HTTP closed {"ip":"::1","method":"POST","path":"/api/auth/login","status":200,"durationMs":168}
2025-10-10T01:24:03.493Z [INFO] HTTP {"ip":"::1","method":"OPTIONS","path":"/api/users/me","status":204,"durationMs":1}
2025-10-10T01:24:03.495Z [WARN] HTTP closed {"ip":"::1","method":"OPTIONS","path":"/api/users/me","status":204,"durationMs":3}
2025-10-10T01:24:03.531Z [INFO] HTTP {"ip":"::1","method":"GET","path":"/api/users/me","status":200,"durationMs":10}
2025-10-10T01:24:03.533Z [WARN] HTTP closed {"ip":"::1","method":"GET","path":"/api/users/me","status":200,"durationMs":12}
2025-10-10T01:24:03.731Z [INFO] HTTP {"ip":"::1","method":"GET","path":"/api/users/me","status":304,"durationMs":8}
2025-10-10T01:24:03.733Z [WARN] HTTP closed {"ip":"::1","method":"GET","path":"/api/users/me","status":304,"durationMs":9}
2025-10-10T01:30:54.267Z [WARN] HTTP closed {"ip":"::1","method":"OPTIONS","path":"/api/users/me","status":204,"durationMs":3}
2025-10-10T01:30:54.265Z [INFO] HTTP {"ip":"::1","method":"OPTIONS","path":"/api/users/me","status":204,"durationMs":1}
2025-10-10T01:30:54.281Z [INFO] HTTP {"ip":"::1","method":"GET","path":"/api/users/me","status":304,"durationMs":7}
2025-10-10T01:30:54.283Z [WARN] HTTP closed {"ip":"::1","method":"GET","path":"/api/users/me","status":304,"durationMs":8}
2025-10-10T01:30:54.591Z [INFO] HTTP {"ip":"::1","method":"GET","path":"/api/fx/cad-vnd","status":200,"durationMs":322}
2025-10-10T01:30:54.593Z [WARN] HTTP closed {"ip":"::1","method":"GET","path":"/api/fx/cad-vnd","status":200,"durationMs":323}
2025-10-10T01:31:10.411Z [INFO] HTTP {"ip":"::1","method":"OPTIONS","path":"/api/users/me","status":204,"durationMs":1}
2025-10-10T01:31:10.412Z [WARN] HTTP closed {"ip":"::1","method":"OPTIONS","path":"/api/users/me","status":204,"durationMs":2}
2025-10-10T01:31:10.425Z [INFO] HTTP {"ip":"::1","method":"GET","path":"/api/users/me","status":304,"durationMs":9}
2025-10-10T01:31:10.428Z [WARN] HTTP closed {"ip":"::1","method":"GET","path":"/api/users/me","status":304,"durationMs":11}
2025-10-10T01:31:31.903Z [INFO] HTTP {"ip":"::1","method":"OPTIONS","path":"/api/users/me","status":204,"durationMs":1}
2025-10-10T01:31:31.905Z [WARN] HTTP closed {"ip":"::1","method":"OPTIONS","path":"/api/users/me","status":204,"durationMs":2}
2025-10-10T01:31:31.913Z [INFO] HTTP {"ip":"::1","method":"GET","path":"/api/users/me","status":304,"durationMs":6}
2025-10-10T01:31:31.915Z [WARN] HTTP closed {"ip":"::1","method":"GET","path":"/api/users/me","status":304,"durationMs":8}
2025-10-10T01:31:36.782Z [INFO] HTTP {"ip":"::1","method":"OPTIONS","path":"/api/users/me","status":204,"durationMs":1}
2025-10-10T01:31:36.785Z [WARN] HTTP closed {"ip":"::1","method":"OPTIONS","path":"/api/users/me","status":204,"durationMs":4}
2025-10-10T01:31:36.804Z [INFO] HTTP {"ip":"::1","method":"GET","path":"/api/users/me","status":304,"durationMs":9}
2025-10-10T01:31:36.806Z [WARN] HTTP closed {"ip":"::1","method":"GET","path":"/api/users/me","status":304,"durationMs":12}
2025-10-10T01:31:36.906Z [INFO] HTTP {"ip":"::1","method":"GET","path":"/api/fx/cad-vnd","status":200,"durationMs":119}
2025-10-10T01:31:36.908Z [WARN] HTTP closed {"ip":"::1","method":"GET","path":"/api/fx/cad-vnd","status":200,"durationMs":120}
2025-10-10T01:31:44.574Z [INFO] HTTP {"ip":"::1","method":"OPTIONS","path":"/api/users/me","status":204,"durationMs":1}
2025-10-10T01:31:44.576Z [WARN] HTTP closed {"ip":"::1","method":"OPTIONS","path":"/api/users/me","status":204,"durationMs":5}
2025-10-10T01:31:44.592Z [INFO] HTTP {"ip":"::1","method":"GET","path":"/api/users/me","status":304,"durationMs":11}
2025-10-10T01:31:44.594Z [WARN] HTTP closed {"ip":"::1","method":"GET","path":"/api/users/me","status":304,"durationMs":14}
2025-10-10T01:31:44.697Z [INFO] HTTP {"ip":"::1","method":"GET","path":"/api/requests","status":404,"durationMs":6}
2025-10-10T01:31:44.699Z [WARN] HTTP closed {"ip":"::1","method":"GET","path":"/api/requests","status":404,"durationMs":7}
